# ******************************************************
# PLUTO 4.1 Grid File
# Generated on  Wed Sep 13 21:02:40 2017
# 
# DIMENSIONS: 1
# GEOMETRY:   SPHERICAL
# X1: [ 0.005000,  5.000000], 256 point(s), 3 ghosts
# ******************************************************
256 
 1   5.000000000000e-03    5.136753840897e-03
 2   5.136753840897e-03    5.277248004393e-03
 3   5.277248004393e-03    5.421584791186e-03
 4   5.421584791186e-03    5.569869299974e-03
 5   5.569869299974e-03    5.722209503987e-03
 6   5.722209503987e-03    5.878716329604e-03
 7   5.878716329604e-03    6.039503737126e-03
 8   6.039503737126e-03    6.204688803759e-03
 9   6.204688803759e-03    6.374391808855e-03
 10   6.374391808855e-03    6.548736321503e-03
 11   6.548736321503e-03    6.727849290500e-03
 12   6.727849290500e-03    6.911861136790e-03
 13   6.911861136790e-03    7.100905848429e-03
 14   7.100905848429e-03    7.295121078153e-03
 15   7.295121078153e-03    7.494648243601e-03
 16   7.494648243601e-03    7.699632630297e-03
 17   7.699632630297e-03    7.910223497435e-03
 18   7.910223497435e-03    8.126574186559e-03
 19   8.126574186559e-03    8.348842233228e-03
 20   8.348842233228e-03    8.577189481714e-03
 21   8.577189481714e-03    8.811782202859e-03
 22   8.811782202859e-03    9.052791215136e-03
 23   9.052791215136e-03    9.300392009036e-03
 24   9.300392009036e-03    9.554764874852e-03
 25   9.554764874852e-03    9.816095033952e-03
 26   9.816095033952e-03    1.008457277365e-02
 27   1.008457277365e-02    1.036039358577e-02
 28   1.036039358577e-02    1.064375830898e-02
 29   1.064375830898e-02    1.093487327505e-02
 30   1.093487327505e-02    1.123395045906e-02
 31   1.123395045906e-02    1.154120763381e-02
 32   1.154120763381e-02    1.185686852831e-02
 33   1.185686852831e-02    1.218116299076e-02
 34   1.218116299076e-02    1.251432715587e-02
 35   1.251432715587e-02    1.285660361683e-02
 36   1.285660361683e-02    1.320824160193e-02
 37   1.320824160193e-02    1.356949715604e-02
 38   1.356949715604e-02    1.394063332707e-02
 39   1.394063332707e-02    1.432192035747e-02
 40   1.432192035747e-02    1.471363588105e-02
 41   1.471363588105e-02    1.511606512510e-02
 42   1.511606512510e-02    1.552950111812e-02
 43   1.552950111812e-02    1.595424490315e-02
 44   1.595424490315e-02    1.639060575697e-02
 45   1.639060575697e-02    1.683890141534e-02
 46   1.683890141534e-02    1.729945830435e-02
 47   1.729945830435e-02    1.777261177806e-02
 48   1.777261177806e-02    1.825870636274e-02
 49   1.825870636274e-02    1.875809600772e-02
 50   1.875809600772e-02    1.927114434312e-02
 51   1.927114434312e-02    1.979822494459e-02
 52   1.979822494459e-02    2.033972160542e-02
 53   2.033972160542e-02    2.089602861588e-02
 54   2.089602861588e-02    2.146755105042e-02
 55   2.146755105042e-02    2.205470506257e-02
 56   2.205470506257e-02    2.265791818800e-02
 57   2.265791818800e-02    2.327762965579e-02
 58   2.327762965579e-02    2.391429070827e-02
 59   2.391429070827e-02    2.456836492960e-02
 60   2.456836492960e-02    2.524032858334e-02
 61   2.524032858334e-02    2.593067095919e-02
 62   2.593067095919e-02    2.663989472933e-02
 63   2.663989472933e-02    2.736851631439e-02
 64   2.736851631439e-02    2.811706625952e-02
 65   2.811706625952e-02    2.888608962066e-02
 66   2.888608962066e-02    2.967614636149e-02
 67   2.967614636149e-02    3.048781176107e-02
 68   3.048781176107e-02    3.132167683284e-02
 69   3.132167683284e-02    3.217834875489e-02
 70   3.217834875489e-02    3.305845131207e-02
 71   3.305845131207e-02    3.396262535028e-02
 72   3.396262535028e-02    3.489152924299e-02
 73   3.489152924299e-02    3.584583937074e-02
 74   3.584583937074e-02    3.682625061356e-02
 75   3.682625061356e-02    3.783347685701e-02
 76   3.783347685701e-02    3.886825151194e-02
 77   3.886825151194e-02    3.993132804858e-02
 78   3.993132804858e-02    4.102348054513e-02
 79   4.102348054513e-02    4.214550425142e-02
 80   4.214550425142e-02    4.329821616800e-02
 81   4.329821616800e-02    4.448245564099e-02
 82   4.448245564099e-02    4.569908497327e-02
 83   4.569908497327e-02    4.694899005239e-02
 84   4.694899005239e-02    4.823308099556e-02
 85   4.823308099556e-02    4.955229281244e-02
 86   4.955229281244e-02    5.090758608591e-02
 87   5.090758608591e-02    5.229994767151e-02
 88   5.229994767151e-02    5.373039141607e-02
 89   5.373039141607e-02    5.519995889587e-02
 90   5.519995889587e-02    5.670972017514e-02
 91   5.670972017514e-02    5.826077458516e-02
 92   5.826077458516e-02    5.985425152479e-02
 93   5.985425152479e-02    6.149131128279e-02
 94   6.149131128279e-02    6.317314588272e-02
 95   6.317314588272e-02    6.490097995092e-02
 96   6.490097995092e-02    6.667607160817e-02
 97   6.667607160817e-02    6.849971338583e-02
 98   6.849971338583e-02    7.037323316699e-02
 99   7.037323316699e-02    7.229799515337e-02
 100   7.229799515337e-02    7.427540085864e-02
 101   7.427540085864e-02    7.630689012895e-02
 102   7.630689012895e-02    7.839394219135e-02
 103   7.839394219135e-02    8.053807673089e-02
 104   8.053807673089e-02    8.274085499716e-02
 105   8.274085499716e-02    8.500388094114e-02
 106   8.500388094114e-02    8.732880238311e-02
 107   8.732880238311e-02    8.971731221246e-02
 108   8.971731221246e-02    9.217114962046e-02
 109   9.217114962046e-02    9.469210136655e-02
 110   9.469210136655e-02    9.728200307943e-02
 111   9.728200307943e-02    9.994274059368e-02
 112   9.994274059368e-02    1.026762513229e-01
 113   1.026762513229e-01    1.054845256703e-01
 114   1.054845256703e-01    1.083696084784e-01
 115   1.083696084784e-01    1.113336005176e-01
 116   1.113336005176e-01    1.143786600159e-01
 117   1.143786600159e-01    1.175070042307e-01
 118   1.175070042307e-01    1.207209110628e-01
 119   1.207209110628e-01    1.240227207157e-01
 120   1.240227207157e-01    1.274148373990e-01
 121   1.274148373990e-01    1.308997310793e-01
 122   1.308997310793e-01    1.344799392788e-01
 123   1.344799392788e-01    1.381580689227e-01
 124   1.381580689227e-01    1.419367982379e-01
 125   1.419367982379e-01    1.458188787027e-01
 126   1.458188787027e-01    1.498071370502e-01
 127   1.498071370502e-01    1.539044773273e-01
 128   1.539044773273e-01    1.581138830084e-01
 129   1.581138830084e-01    1.624384191685e-01
 130   1.624384191685e-01    1.668812347146e-01
 131   1.668812347146e-01    1.714455646788e-01
 132   1.714455646788e-01    1.761347325737e-01
 133   1.761347325737e-01    1.809521528126e-01
 134   1.809521528126e-01    1.859013331957e-01
 135   1.859013331957e-01    1.909858774642e-01
 136   1.909858774642e-01    1.962094879242e-01
 137   1.962094879242e-01    2.015759681430e-01
 138   2.015759681430e-01    2.070892257182e-01
 139   2.070892257182e-01    2.127532751233e-01
 140   2.127532751233e-01    2.185722406306e-01
 141   2.185722406306e-01    2.245503593145e-01
 142   2.245503593145e-01    2.306919841367e-01
 143   2.306919841367e-01    2.370015871156e-01
 144   2.370015871156e-01    2.434837625829e-01
 145   2.434837625829e-01    2.501432305288e-01
 146   2.501432305288e-01    2.569848400386e-01
 147   2.569848400386e-01    2.640135728241e-01
 148   2.640135728241e-01    2.712345468506e-01
 149   2.712345468506e-01    2.786530200637e-01
 150   2.786530200637e-01    2.862743942179e-01
 151   2.862743942179e-01    2.941042188098e-01
 152   2.941042188098e-01    3.021481951191e-01
 153   3.021481951191e-01    3.104121803596e-01
 154   3.104121803596e-01    3.189021919446e-01
 155   3.189021919446e-01    3.276244118684e-01
 156   3.276244118684e-01    3.365851912073e-01
 157   3.365851912073e-01    3.457910547445e-01
 158   3.457910547445e-01    3.552487057213e-01
 159   3.552487057213e-01    3.649650307175e-01
 160   3.649650307175e-01    3.749471046662e-01
 161   3.749471046662e-01    3.852021960055e-01
 162   3.852021960055e-01    3.957377719706e-01
 163   3.957377719706e-01    4.065615040315e-01
 164   4.065615040315e-01    4.176812734789e-01
 165   4.176812734789e-01    4.291051771627e-01
 166   4.291051771627e-01    4.408415333878e-01
 167   4.408415333878e-01    4.528988879713e-01
 168   4.528988879713e-01    4.652860204649e-01
 169   4.652860204649e-01    4.780119505477e-01
 170   4.780119505477e-01    4.910859445940e-01
 171   4.910859445940e-01    5.045175224207e-01
 172   5.045175224207e-01    5.183164642189e-01
 173   5.183164642189e-01    5.324928176752e-01
 174   5.324928176752e-01    5.470569052886e-01
 175   5.470569052886e-01    5.620193318860e-01
 176   5.620193318860e-01    5.773909923447e-01
 177   5.773909923447e-01    5.931830795252e-01
 178   5.931830795252e-01    6.094070924212e-01
 179   6.094070924212e-01    6.260748445328e-01
 180   6.260748445328e-01    6.431984724685e-01
 181   6.431984724685e-01    6.607904447823e-01
 182   6.607904447823e-01    6.788635710526e-01
 183   6.788635710526e-01    6.974310112098e-01
 184   6.974310112098e-01    7.165062851185e-01
 185   7.165062851185e-01    7.361032824218e-01
 186   7.361032824218e-01    7.562362726553e-01
 187   7.562362726553e-01    7.769199156375e-01
 188   7.769199156375e-01    7.981692721440e-01
 189   7.981692721440e-01    8.199998148742e-01
 190   8.199998148742e-01    8.424274397179e-01
 191   8.424274397179e-01    8.654684773295e-01
 192   8.654684773295e-01    8.891397050195e-01
 193   8.891397050195e-01    9.134583589705e-01
 194   9.134583589705e-01    9.384421467881e-01
 195   9.384421467881e-01    9.641092603946e-01
 196   9.641092603946e-01    9.904783892752e-01
 197   9.904783892752e-01    1.017568734087e+00
 198   1.017568734087e+00    1.045400020639e+00
 199   1.045400020639e+00    1.073992514259e+00
 200   1.073992514259e+00    1.103367034542e+00
 201   1.103367034542e+00    1.133544970521e+00
 202   1.133544970521e+00    1.164548296230e+00
 203   1.164548296230e+00    1.196399586714e+00
 204   1.196399586714e+00    1.229122034460e+00
 205   1.229122034460e+00    1.262739466289e+00
 206   1.262739466289e+00    1.297276360702e+00
 207   1.297276360702e+00    1.332757865708e+00
 208   1.332757865708e+00    1.369209817132e+00
 209   1.369209817132e+00    1.406658757429e+00
 210   1.406658757429e+00    1.445131955011e+00
 211   1.445131955011e+00    1.484657424101e+00
 212   1.484657424101e+00    1.525263945134e+00
 213   1.525263945134e+00    1.566981085709e+00
 214   1.566981085709e+00    1.609839222126e+00
 215   1.609839222126e+00    1.653869561496e+00
 216   1.653869561496e+00    1.699104164471e+00
 217   1.699104164471e+00    1.745575968586e+00
 218   1.745575968586e+00    1.793318812242e+00
 219   1.793318812242e+00    1.842367459348e+00
 220   1.842367459348e+00    1.892757624629e+00
 221   1.892757624629e+00    1.944525999640e+00
 222   1.944525999640e+00    1.997710279475e+00
 223   1.997710279475e+00    2.052349190218e+00
 224   2.052349190218e+00    2.108482517143e+00
 225   2.108482517143e+00    2.166151133679e+00
 226   2.166151133679e+00    2.225397031178e+00
 227   2.225397031178e+00    2.286263349485e+00
 228   2.286263349485e+00    2.348794408353e+00
 229   2.348794408353e+00    2.413035739717e+00
 230   2.413035739717e+00    2.479034120842e+00
 231   2.479034120842e+00    2.546837608390e+00
 232   2.546837608390e+00    2.616495573408e+00
 233   2.616495573408e+00    2.688058737278e+00
 234   2.688058737278e+00    2.761579208654e+00
 235   2.761579208654e+00    2.837110521398e+00
 236   2.837110521398e+00    2.914707673568e+00
 237   2.914707673568e+00    2.994427167458e+00
 238   2.994427167458e+00    3.076327050745e+00
 239   3.076327050745e+00    3.160466958754e+00
 240   3.160466958754e+00    3.246908157881e+00
 241   3.246908157881e+00    3.335713590207e+00
 242   3.335713590207e+00    3.426947919325e+00
 243   3.426947919325e+00    3.520677577429e+00
 244   3.520677577429e+00    3.616970813683e+00
 245   3.616970813683e+00    3.715897743920e+00
 246   3.715897743920e+00    3.817530401692e+00
 247   3.817530401692e+00    3.921942790726e+00
 248   3.921942790726e+00    4.029210938807e+00
 249   4.029210938807e+00    4.139412953140e+00
 250   4.139412953140e+00    4.252629077220e+00
 251   4.252629077220e+00    4.368941749264e+00
 252   4.368941749264e+00    4.488435662237e+00
 253   4.488435662237e+00    4.611197825522e+00
 254   4.611197825522e+00    4.737317628277e+00
 255   4.737317628277e+00    4.866886904520e+00
 256   4.866886904520e+00    5.000000000000e+00
1 
 1   0.000000000000e+00    3.141592653000e+00
1 
 1   0.000000000000e+00    6.283185306000e+00
